\BOOKMARK [1][-]{section.1}{\376\377\123\026\133\146\213\241\221\317}{}% 1
\BOOKMARK [2][-]{subsection.1.1}{\376\377\162\151\215\050\166\204\221\317}{section.1}% 2
\BOOKMARK [3][-]{subsubsection.1.1.1}{\376\377\144\151\134\024\215\050\221\317}{subsection.1.1}% 3
\BOOKMARK [3][-]{subsubsection.1.1.2}{\376\377\144\151\134\024\117\123\171\357}{subsection.1.1}% 4
\BOOKMARK [3][-]{subsubsection.1.1.3}{\376\377\144\151\134\024\155\123\136\246}{subsection.1.1}% 5
\BOOKMARK [3][-]{subsubsection.1.1.4}{\376\377\226\077\117\017\117\075\137\267\177\127\133\232\137\213}{subsection.1.1}% 6
\BOOKMARK [2][-]{subsection.1.2}{\376\377\160\355\123\026\133\146\123\315\136\224\145\271\172\013\137\017}{section.1}% 7
\BOOKMARK [3][-]{subsubsection.1.2.1}{\376\377\116\055\124\214\160\355}{subsection.1.2}% 8
\BOOKMARK [3][-]{subsubsection.1.2.2}{\376\377\161\303\160\347\160\355}{subsection.1.2}% 9
\BOOKMARK [3][-]{subsubsection.1.2.3}{\376\377\165\037\142\020\160\355}{subsection.1.2}% 10
\BOOKMARK [3][-]{subsubsection.1.2.4}{\376\377\166\326\145\257\133\232\137\213}{subsection.1.2}% 11
\BOOKMARK [1][-]{section.2}{\376\377\154\047\123\026\217\330\123\237\123\315\136\224}{}% 12
\BOOKMARK [2][-]{subsection.2.1}{\376\377\154\047\123\026\217\330\123\237\123\315\136\224\166\204\151\202\137\365}{section.2}% 13
\BOOKMARK [2][-]{subsection.2.2}{\376\377\154\047\123\026\217\330\123\237\145\271\172\013\137\017\166\204\116\146\121\231}{section.2}% 14
\BOOKMARK [3][-]{subsubsection.2.2.1}{\376\377\123\125\176\277\150\145\154\325}{subsection.2.2}% 15
\BOOKMARK [3][-]{subsubsection.2.2.2}{\376\377\123\314\176\277\150\145\154\325}{subsection.2.2}% 16
\BOOKMARK [2][-]{subsection.2.3}{\376\377\154\047\123\026\217\330\123\237\123\315\136\224\166\204\211\304\137\213}{section.2}% 17
\BOOKMARK [3][-]{subsubsection.2.3.1}{\376\377\153\147\123\026\123\315\136\224\211\304\137\213}{subsection.2.3}% 18
\BOOKMARK [3][-]{subsubsection.2.3.2}{\376\377\137\122\116\055\123\315\136\224\211\304\137\213}{subsection.2.3}% 19
\BOOKMARK [3][-]{subsubsection.2.3.3}{\376\377\116\367\140\001\116\222\116\015\143\142\117\115\123\237\122\031}{subsection.2.3}% 20
\BOOKMARK [2][-]{subsection.2.4}{\376\377\154\047\123\026\140\047\124\214\217\330\123\237\140\047\137\072\137\061\166\204\122\044\145\255}{section.2}% 21
\BOOKMARK [1][-]{section.3}{\376\377\123\144\145\317\121\103\175\040}{}% 22
\BOOKMARK [2][-]{subsection.3.1}{\376\377\154\057\154\024}{section.3}% 23
\BOOKMARK [3][-]{subsubsection.3.1.1}{\376\377\154\057\154\024\124\214\221\321\134\136\166\204\123\315\136\224}{subsection.3.1}% 24
\BOOKMARK [3][-]{subsubsection.3.1.2}{\376\377\154\057\154\024\124\214\227\136\221\321\134\136\166\204\123\315\136\224}{subsection.3.1}% 25
\BOOKMARK [3][-]{subsubsection.3.1.3}{\376\377\154\057\154\024\166\204\133\236\232\214\133\244\122\066\154\325}{subsection.3.1}% 26
\BOOKMARK [3][-]{subsubsection.3.1.4}{\376\377\154\057\154\024\124\214\154\064\166\204\123\315\136\224}{subsection.3.1}% 27
\BOOKMARK [3][-]{subsubsection.3.1.5}{\376\377\154\057\154\024\124\214\170\261\166\204\123\315\136\224}{subsection.3.1}% 28
\BOOKMARK [2][-]{subsection.3.2}{\376\377\154\057\123\026\154\042}{section.3}% 29
\BOOKMARK [3][-]{subsubsection.3.2.1}{\376\377\154\057\123\026\154\042\166\204\133\236\232\214\133\244\122\066\154\325}{subsection.3.2}% 30
\BOOKMARK [2][-]{subsection.3.3}{\376\377\166\320\221\170}{section.3}% 31
\BOOKMARK [3][-]{subsubsection.3.3.1}{\376\377\166\320\221\170\124\214\221\321\134\136\166\204\123\315\136\224}{subsection.3.3}% 32
\BOOKMARK [3][-]{subsubsection.3.3.2}{\376\377\166\320\221\170\124\214\154\047\123\026\162\151\166\204\123\315\136\224}{subsection.3.3}% 33
\BOOKMARK [3][-]{subsubsection.3.3.3}{\376\377\166\320\221\170\124\214\170\261\166\204\123\315\136\224}{subsection.3.3}% 34
\BOOKMARK [3][-]{subsubsection.3.3.4}{\376\377\166\320\221\170\124\214\166\320\166\204\123\315\136\224}{subsection.3.3}% 35
\BOOKMARK [2][-]{subsection.3.4}{\376\377\123\144\145\317\121\103\175\040}{section.3}% 36
\BOOKMARK [3][-]{subsubsection.3.4.1}{\376\377\123\144\175\040\124\214\221\321\134\136\166\204\123\315\136\224}{subsection.3.4}% 37
\BOOKMARK [3][-]{subsubsection.3.4.2}{\376\377\123\144\175\040\124\214\227\136\221\321\134\136\166\204\123\315\136\224}{subsection.3.4}% 38
\BOOKMARK [3][-]{subsubsection.3.4.3}{\376\377\123\144\123\026\154\042\166\204\122\066\131\007}{subsection.3.4}% 39
\BOOKMARK [3][-]{subsubsection.3.4.4}{\376\377\123\144\175\040\124\214\166\320\166\204\123\315\136\224}{subsection.3.4}% 40
\BOOKMARK [3][-]{subsubsection.3.4.5}{\376\377\123\144\175\040\124\214\154\064\166\204\123\315\136\224}{subsection.3.4}% 41
\BOOKMARK [3][-]{subsubsection.3.4.6}{\376\377\123\144\175\040\124\214\170\261\166\204\123\315\136\224}{subsection.3.4}% 42
\BOOKMARK [3][-]{subsubsection.3.4.7}{\376\377\123\144\123\026\224\366\166\204\140\047\215\050}{subsection.3.4}% 43
\BOOKMARK [1][-]{section.4}{\376\377\154\047\145\317\121\103\175\040}{}% 44
\BOOKMARK [2][-]{subsection.4.1}{\376\377\170\153}{section.4}% 45
\BOOKMARK [3][-]{subsubsection.4.1.1}{\376\377\170\153\124\214\221\321\134\136\166\204\123\315\136\224}{subsection.4.1}% 46
\BOOKMARK [3][-]{subsubsection.4.1.2}{\376\377\170\153\124\214\227\136\221\321\134\136\166\204\123\315\136\224}{subsection.4.1}% 47
\BOOKMARK [3][-]{subsubsection.4.1.3}{\376\377\170\153\124\214\221\170\170\261\166\320\166\204\123\315\136\224}{subsection.4.1}% 48
\BOOKMARK [2][-]{subsection.4.2}{\376\377\170\153\123\026\154\042}{section.4}% 49
\BOOKMARK [3][-]{subsubsection.4.2.1}{\376\377\170\153\123\026\154\042\166\204\217\330\123\237\140\047}{subsection.4.2}% 50
\BOOKMARK [3][-]{subsubsection.4.2.2}{\376\377\170\153\123\026\154\042\166\204\133\236\232\214\133\244\122\066\154\325}{subsection.4.2}% 51
\BOOKMARK [3][-]{subsubsection.4.2.3}{\376\377\170\153\123\026\154\042\166\204\123\357\161\303\140\047}{subsection.4.2}% 52
\BOOKMARK [3][-]{subsubsection.4.2.4}{\376\377\170\153\123\026\154\042\124\214\166\320\166\204\123\315\136\224}{subsection.4.2}% 53
\BOOKMARK [2][-]{subsection.4.3}{\376\377\116\214\154\047\123\026\170\153}{section.4}% 54
\BOOKMARK [3][-]{subsubsection.4.3.1}{\376\377\116\214\154\047\123\026\170\153\166\204\217\330\123\237\140\047}{subsection.4.3}% 55
\BOOKMARK [3][-]{subsubsection.4.3.2}{\376\377\116\214\154\047\123\026\170\153\166\204\154\047\123\026\140\047}{subsection.4.3}% 56
\BOOKMARK [3][-]{subsubsection.4.3.3}{\376\377\116\214\154\047\123\026\170\153\166\204\133\236\232\214\133\244\122\066\154\325}{subsection.4.3}% 57
\BOOKMARK [3][-]{subsubsection.4.3.4}{\376\377\116\214\154\047\123\026\170\153\124\214\154\064\166\204\123\315\136\224}{subsection.4.3}% 58
\BOOKMARK [2][-]{subsection.4.4}{\376\377\116\011\154\047\123\026\170\153}{section.4}% 59
\BOOKMARK [3][-]{subsubsection.4.4.1}{\376\377\116\011\154\047\123\026\170\153\124\214\154\064\166\204\166\204\123\315\136\224}{subsection.4.4}% 60
\BOOKMARK [2][-]{subsection.4.5}{\376\377\170\153\221\170}{section.4}% 61
\BOOKMARK [3][-]{subsubsection.4.5.1}{\376\377\155\123\170\153\221\170\166\204\124\070\154\064\140\047}{subsection.4.5}% 62
\BOOKMARK [3][-]{subsubsection.4.5.2}{\376\377\155\123\170\153\221\170\166\204\201\061\154\064\140\047}{subsection.4.5}% 63
\BOOKMARK [3][-]{subsubsection.4.5.3}{\376\377\155\123\170\153\221\170\124\214\221\321\134\136\166\204\123\315\136\224}{subsection.4.5}% 64
\BOOKMARK [3][-]{subsubsection.4.5.4}{\376\377\155\123\170\153\221\170\124\214\227\136\221\321\134\136\166\204\123\315\136\224}{subsection.4.5}% 65
\BOOKMARK [3][-]{subsubsection.4.5.5}{\376\377\170\153\221\170\166\204\135\345\116\032\122\066\154\325}{subsection.4.5}% 66
\BOOKMARK [3][-]{subsubsection.4.5.6}{\376\377\170\153\221\170\166\320}{subsection.4.5}% 67
\BOOKMARK [2][-]{subsection.4.6}{\376\377\201\355\154\047}{section.4}% 68
\BOOKMARK [2][-]{subsection.4.7}{\376\377\217\307\154\047\123\026\154\042}{section.4}% 69
\BOOKMARK [3][-]{subsubsection.4.7.1}{\376\377\217\307\154\047\123\026\154\042\166\204\116\015\172\063\133\232\140\047}{subsection.4.7}% 70
\BOOKMARK [3][-]{subsubsection.4.7.2}{\376\377\217\307\154\047\123\026\154\042\166\204\154\047\123\026\140\047}{subsection.4.7}% 71
\BOOKMARK [2][-]{subsection.4.8}{\376\377\154\047\145\317\121\103\175\040}{section.4}% 72
\BOOKMARK [1][-]{section.5}{\376\377\154\056\145\317\121\103\175\040}{}% 73
\BOOKMARK [2][-]{subsection.5.1}{\376\377\154\056\154\024}{section.5}% 74
\BOOKMARK [3][-]{subsubsection.5.1.1}{\376\377\154\056\154\024\124\214\221\321\134\136\166\204\123\315\136\224}{subsection.5.1}% 75
\BOOKMARK [3][-]{subsubsection.5.1.2}{\376\377\154\056\154\024\124\214\227\136\221\321\134\136\166\204\123\315\136\224}{subsection.5.1}% 76
\BOOKMARK [2][-]{subsection.5.2}{\376\377\154\050\154\024}{section.5}% 77
\BOOKMARK [3][-]{subsubsection.5.2.1}{\376\377\154\050\154\024\124\214\154\064\166\204\123\315\136\224}{subsection.5.2}% 78
\BOOKMARK [3][-]{subsubsection.5.2.2}{\376\377\154\050\154\024\124\214\221\170\166\204\123\315\136\224}{subsection.5.2}% 79
\BOOKMARK [3][-]{subsubsection.5.2.3}{\376\377\154\050\154\024\166\204\133\236\232\214\133\244\122\066\154\325}{subsection.5.2}% 80
\BOOKMARK [3][-]{subsubsection.5.2.4}{\376\377\154\050\154\024\166\204\217\330\123\237\140\047}{subsection.5.2}% 81
\BOOKMARK [3][-]{subsubsection.5.2.5}{\376\377\224\365\166\320\123\327\160\355\122\006\211\343}{subsection.5.2}% 82
\BOOKMARK [3][-]{subsubsection.5.2.6}{\376\377\224\365\166\320\124\214\170\261\166\204\123\315\136\224}{subsection.5.2}% 83
\BOOKMARK [2][-]{subsection.5.3}{\376\377\116\000\154\047\123\026\154\056}{section.5}% 84
\BOOKMARK [3][-]{subsubsection.5.3.1}{\376\377\116\000\154\047\123\026\154\056\124\214\154\047\154\024\166\204\123\315\136\224}{subsection.5.3}% 85
\BOOKMARK [2][-]{subsection.5.4}{\376\377\116\214\154\047\123\026\154\056}{section.5}% 86
\BOOKMARK [3][-]{subsubsection.5.4.1}{\376\377\116\214\154\047\123\026\154\056\124\214\154\064\166\204\123\315\136\224}{subsection.5.4}% 87
\BOOKMARK [3][-]{subsubsection.5.4.2}{\376\377\116\214\154\047\123\026\154\056\124\214\170\261\166\204\123\315\136\224}{subsection.5.4}% 88
\BOOKMARK [3][-]{subsubsection.5.4.3}{\376\377\116\214\154\047\123\026\154\056\166\204\200\132\124\010\124\214\122\006\211\343}{subsection.5.4}% 89
\BOOKMARK [2][-]{subsection.5.5}{\376\377\154\056\166\204\121\166\116\326\154\047\123\026\162\151}{section.5}% 90
\BOOKMARK [3][-]{subsubsection.5.5.1}{\376\377\116\011\154\047\123\026\116\214\154\056}{subsection.5.5}% 91
\BOOKMARK [3][-]{subsubsection.5.5.2}{\376\377\116\224\154\047\123\026\116\214\154\056}{subsection.5.5}% 92
\BOOKMARK [3][-]{subsubsection.5.5.3}{\376\377\116\000\154\047\123\026\116\214\154\056}{subsection.5.5}% 93
\BOOKMARK [2][-]{subsection.5.6}{\376\377\170\135\221\170}{section.5}% 94
\BOOKMARK [3][-]{subsubsection.5.6.1}{\376\377\170\135\221\170\166\204\116\015\172\063\133\232\140\047}{subsection.5.6}% 95
\BOOKMARK [3][-]{subsubsection.5.6.2}{\376\377\170\135\221\170\124\214\221\321\134\136\166\204\123\315\136\224}{subsection.5.6}% 96
\BOOKMARK [3][-]{subsubsection.5.6.3}{\376\377\170\135\221\170\124\214\227\136\221\321\134\136\166\204\123\315\136\224}{subsection.5.6}% 97
\BOOKMARK [3][-]{subsubsection.5.6.4}{\376\377\170\135\221\170\166\204\135\345\116\032\122\066\154\325}{subsection.5.6}% 98
\BOOKMARK [3][-]{subsubsection.5.6.5}{\376\377\170\135\221\170\166\320}{subsection.5.6}% 99
\BOOKMARK [2][-]{subsection.5.7}{\376\377\170\367}{section.5}% 100
\BOOKMARK [3][-]{subsubsection.5.7.1}{\376\377\170\367\124\214\154\042\154\047\123\026\224\276\166\204\123\315\136\224}{subsection.5.7}% 101
\BOOKMARK [3][-]{subsubsection.5.7.2}{\376\377\170\367\124\214\154\047\154\024\166\204\123\315\136\224}{subsection.5.7}% 102
\BOOKMARK [3][-]{subsubsection.5.7.3}{\376\377\170\367\124\214\154\057\154\024\166\204\123\315\136\224}{subsection.5.7}% 103
\BOOKMARK [2][-]{subsection.5.8}{\376\377\170\367\221\170}{section.5}% 104
\BOOKMARK [3][-]{subsubsection.5.8.1}{\376\377\170\367\221\170\166\204\122\066\123\326}{subsection.5.8}% 105
\BOOKMARK [3][-]{subsubsection.5.8.2}{\376\377\170\367\221\170\166\320}{subsection.5.8}% 106
\BOOKMARK [2][-]{subsection.5.9}{\376\377\123\026\133\146\200\245\145\231}{section.5}% 107
\BOOKMARK [3][-]{subsubsection.5.9.1}{\376\377\224\276\200\245}{subsection.5.9}% 108
\BOOKMARK [3][-]{subsubsection.5.9.2}{\376\377\170\367\200\245}{subsection.5.9}% 109
\BOOKMARK [3][-]{subsubsection.5.9.3}{\376\377\154\056\200\245}{subsection.5.9}% 110
\BOOKMARK [2][-]{subsection.5.10}{\376\377\154\056\145\317\121\103\175\040}{section.5}% 111
\BOOKMARK [1][-]{section.6}{\376\377\170\261\221\321\134\136}{}% 112
\BOOKMARK [2][-]{subsection.6.1}{\376\377\224\240}{section.6}% 113
\BOOKMARK [3][-]{subsubsection.6.1.1}{\376\377\224\240\124\214\154\064\166\204\123\315\136\224}{subsection.6.1}% 114
\BOOKMARK [3][-]{subsubsection.6.1.2}{\376\377\224\240\124\214\227\136\221\321\134\136\166\204\123\315\136\224}{subsection.6.1}% 115
\BOOKMARK [2][-]{subsection.6.2}{\376\377\154\047\123\026\224\240}{section.6}% 116
\BOOKMARK [2][-]{subsection.6.3}{\376\377\154\042\154\047\123\026\224\240}{section.6}% 117
\BOOKMARK [3][-]{subsubsection.6.3.1}{\376\377\154\042\154\047\123\026\224\240\124\214\224\240\166\204\135\345\116\032\122\066\154\325}{subsection.6.3}% 118
\BOOKMARK [2][-]{subsection.6.4}{\376\377\170\263\221\170\224\240}{section.6}% 119
\BOOKMARK [3][-]{subsubsection.6.4.1}{\376\377\202\317\142\123\166\370\121\163\166\204\124\015\171\360}{subsection.6.4}% 120
\BOOKMARK [2][-]{subsection.6.5}{\376\377\225\002}{section.6}% 121
\BOOKMARK [2][-]{subsection.6.6}{\376\377\224\276}{section.6}% 122
\BOOKMARK [2][-]{subsection.6.7}{\376\377\161\060\202\162\123\315\136\224}{section.6}% 123
\BOOKMARK [2][-]{subsection.6.8}{\376\377\170\261\221\321\134\136}{section.6}% 124
